This file contains any messages produced by compilers while
running configure, to aid debugging if configure makes a mistake.

It was created by TurboParser configure 2.1.0, which was
generated by GNU Autoconf 2.69.  Invocation command line was

  $ ./configure 

## --------- ##
## Platform. ##
## --------- ##

hostname = lifu-MS-7971
uname -m = x86_64
uname -r = 4.4.0-36-generic
uname -s = Linux
uname -v = #55~14.04.1-Ubuntu SMP Fri Aug 12 11:49:30 UTC 2016

/usr/bin/uname -p = unknown
/bin/uname -X     = unknown

/bin/arch              = unknown
/usr/bin/arch -k       = unknown
/usr/convex/getsysinfo = unknown
/usr/bin/hostinfo      = unknown
/bin/machine           = unknown
/usr/bin/oslevel       = unknown
/bin/universe          = unknown

PATH: /home/lifu/torch/install/bin
PATH: /home/lifu/anaconda2/bin
PATH: /usr/local/cuda/bin
PATH: /home/lifu/torch/install/bin
PATH: /home/lifu/bin
PATH: /usr/local/sbin
PATH: /usr/local/bin
PATH: /usr/sbin
PATH: /usr/bin
PATH: /sbin
PATH: /bin
PATH: /usr/games
PATH: /usr/local/games
PATH: /home/lifu/bin


## ----------- ##
## Core tests. ##
## ----------- ##

configure:2288: checking for a BSD-compatible install
configure:2356: result: /usr/bin/install -c
configure:2367: checking whether build environment is sane
configure:2417: result: yes
configure:2558: checking for a thread-safe mkdir -p
configure:2597: result: /bin/mkdir -p
configure:2610: checking for gawk
configure:2640: result: no
configure:2610: checking for mawk
configure:2626: found /usr/bin/mawk
configure:2637: result: mawk
configure:2648: checking whether make sets $(MAKE)
configure:2670: result: yes
configure:2803: checking for g++
configure:2819: found /usr/bin/g++
configure:2830: result: g++
configure:2857: checking for C++ compiler version
configure:2866: g++ --version >&5
g++ (Ubuntu 4.8.4-2ubuntu1~14.04.3) 4.8.4
Copyright (C) 2013 Free Software Foundation, Inc.
This is free software; see the source for copying conditions.  There is NO
warranty; not even for MERCHANTABILITY or FITNESS FOR A PARTICULAR PURPOSE.

configure:2877: $? = 0
configure:2866: g++ -v >&5
Using built-in specs.
COLLECT_GCC=g++
COLLECT_LTO_WRAPPER=/usr/lib/gcc/x86_64-linux-gnu/4.8/lto-wrapper
Target: x86_64-linux-gnu
Configured with: ../src/configure -v --with-pkgversion='Ubuntu 4.8.4-2ubuntu1~14.04.3' --with-bugurl=file:///usr/share/doc/gcc-4.8/README.Bugs --enable-languages=c,c++,java,go,d,fortran,objc,obj-c++ --prefix=/usr --program-suffix=-4.8 --enable-shared --enable-linker-build-id --libexecdir=/usr/lib --without-included-gettext --enable-threads=posix --with-gxx-include-dir=/usr/include/c++/4.8 --libdir=/usr/lib --enable-nls --with-sysroot=/ --enable-clocale=gnu --enable-libstdcxx-debug --enable-libstdcxx-time=yes --enable-gnu-unique-object --disable-libmudflap --enable-plugin --with-system-zlib --disable-browser-plugin --enable-java-awt=gtk --enable-gtk-cairo --with-java-home=/usr/lib/jvm/java-1.5.0-gcj-4.8-amd64/jre --enable-java-home --with-jvm-root-dir=/usr/lib/jvm/java-1.5.0-gcj-4.8-amd64 --with-jvm-jar-dir=/usr/lib/jvm-exports/java-1.5.0-gcj-4.8-amd64 --with-arch-directory=amd64 --with-ecj-jar=/usr/share/java/eclipse-ecj.jar --enable-objc-gc --enable-multiarch --disable-werror --with-arch-32=i686 --with-abi=m64 --with-multilib-list=m32,m64,mx32 --with-tune=generic --enable-checking=release --build=x86_64-linux-gnu --host=x86_64-linux-gnu --target=x86_64-linux-gnu
Thread model: posix
gcc version 4.8.4 (Ubuntu 4.8.4-2ubuntu1~14.04.3) 
configure:2877: $? = 0
configure:2866: g++ -V >&5
g++: error: unrecognized command line option '-V'
g++: fatal error: no input files
compilation terminated.
configure:2877: $? = 4
configure:2866: g++ -qversion >&5
g++: error: unrecognized command line option '-qversion'
g++: fatal error: no input files
compilation terminated.
configure:2877: $? = 4
configure:2897: checking whether the C++ compiler works
configure:2919: g++    conftest.cpp  >&5
configure:2923: $? = 0
configure:2971: result: yes
configure:2974: checking for C++ compiler default output file name
configure:2976: result: a.out
configure:2982: checking for suffix of executables
configure:2989: g++ -o conftest    conftest.cpp  >&5
configure:2993: $? = 0
configure:3015: result: 
configure:3037: checking whether we are cross compiling
configure:3045: g++ -o conftest    conftest.cpp  >&5
configure:3049: $? = 0
configure:3056: ./conftest
configure:3060: $? = 0
configure:3075: result: no
configure:3080: checking for suffix of object files
configure:3102: g++ -c   conftest.cpp >&5
configure:3106: $? = 0
configure:3127: result: o
configure:3131: checking whether we are using the GNU C++ compiler
configure:3150: g++ -c   conftest.cpp >&5
configure:3150: $? = 0
configure:3159: result: yes
configure:3168: checking whether g++ accepts -g
configure:3188: g++ -c -g  conftest.cpp >&5
configure:3188: $? = 0
configure:3229: result: yes
configure:3263: checking for style of include used by make
configure:3291: result: GNU
configure:3317: checking dependency style of g++
configure:3428: result: gcc3
configure:3491: checking for gcc
configure:3507: found /usr/bin/gcc
configure:3518: result: gcc
configure:3747: checking for C compiler version
configure:3756: gcc --version >&5
gcc (Ubuntu 4.8.4-2ubuntu1~14.04.3) 4.8.4
Copyright (C) 2013 Free Software Foundation, Inc.
This is free software; see the source for copying conditions.  There is NO
warranty; not even for MERCHANTABILITY or FITNESS FOR A PARTICULAR PURPOSE.

configure:3767: $? = 0
configure:3756: gcc -v >&5
Using built-in specs.
COLLECT_GCC=gcc
COLLECT_LTO_WRAPPER=/usr/lib/gcc/x86_64-linux-gnu/4.8/lto-wrapper
Target: x86_64-linux-gnu
Configured with: ../src/configure -v --with-pkgversion='Ubuntu 4.8.4-2ubuntu1~14.04.3' --with-bugurl=file:///usr/share/doc/gcc-4.8/README.Bugs --enable-languages=c,c++,java,go,d,fortran,objc,obj-c++ --prefix=/usr --program-suffix=-4.8 --enable-shared --enable-linker-build-id --libexecdir=/usr/lib --without-included-gettext --enable-threads=posix --with-gxx-include-dir=/usr/include/c++/4.8 --libdir=/usr/lib --enable-nls --with-sysroot=/ --enable-clocale=gnu --enable-libstdcxx-debug --enable-libstdcxx-time=yes --enable-gnu-unique-object --disable-libmudflap --enable-plugin --with-system-zlib --disable-browser-plugin --enable-java-awt=gtk --enable-gtk-cairo --with-java-home=/usr/lib/jvm/java-1.5.0-gcj-4.8-amd64/jre --enable-java-home --with-jvm-root-dir=/usr/lib/jvm/java-1.5.0-gcj-4.8-amd64 --with-jvm-jar-dir=/usr/lib/jvm-exports/java-1.5.0-gcj-4.8-amd64 --with-arch-directory=amd64 --with-ecj-jar=/usr/share/java/eclipse-ecj.jar --enable-objc-gc --enable-multiarch --disable-werror --with-arch-32=i686 --with-abi=m64 --with-multilib-list=m32,m64,mx32 --with-tune=generic --enable-checking=release --build=x86_64-linux-gnu --host=x86_64-linux-gnu --target=x86_64-linux-gnu
Thread model: posix
gcc version 4.8.4 (Ubuntu 4.8.4-2ubuntu1~14.04.3) 
configure:3767: $? = 0
configure:3756: gcc -V >&5
gcc: error: unrecognized command line option '-V'
gcc: fatal error: no input files
compilation terminated.
configure:3767: $? = 4
configure:3756: gcc -qversion >&5
gcc: error: unrecognized command line option '-qversion'
gcc: fatal error: no input files
compilation terminated.
configure:3767: $? = 4
configure:3771: checking whether we are using the GNU C compiler
configure:3790: gcc -c   conftest.c >&5
configure:3790: $? = 0
configure:3799: result: yes
configure:3808: checking whether gcc accepts -g
configure:3828: gcc -c -g  conftest.c >&5
configure:3828: $? = 0
configure:3869: result: yes
configure:3886: checking for gcc option to accept ISO C89
configure:3949: gcc  -c -g -O2  conftest.c >&5
configure:3949: $? = 0
configure:3962: result: none needed
configure:3984: checking dependency style of gcc
configure:4095: result: gcc3
configure:4158: checking how to run the C preprocessor
configure:4189: gcc -E -std=c++11 -I../../deps/local/include -I/ad3 conftest.c
cc1: warning: command line option '-std=c++11' is valid for C++/ObjC++ but not for C [enabled by default]
configure:4189: $? = 0
configure:4203: gcc -E -std=c++11 -I../../deps/local/include -I/ad3 conftest.c
cc1: warning: command line option '-std=c++11' is valid for C++/ObjC++ but not for C [enabled by default]
conftest.c:9:28: fatal error: ac_nonexistent.h: No such file or directory
 #include <ac_nonexistent.h>
                            ^
compilation terminated.
configure:4203: $? = 1
configure: failed program was:
| /* confdefs.h */
| #define PACKAGE_NAME "TurboParser"
| #define PACKAGE_TARNAME "TurboParser"
| #define PACKAGE_VERSION "2.1.0"
| #define PACKAGE_STRING "TurboParser 2.1.0"
| #define PACKAGE_BUGREPORT "afm@cs.cmu.edu"
| #define PACKAGE_URL "http://www.ark.cs.cmu.edu/TurboParser/"
| /* end confdefs.h.  */
| #include <ac_nonexistent.h>
configure:4228: result: gcc -E
configure:4248: gcc -E -std=c++11 -I../../deps/local/include -I/ad3 conftest.c
cc1: warning: command line option '-std=c++11' is valid for C++/ObjC++ but not for C [enabled by default]
configure:4248: $? = 0
configure:4262: gcc -E -std=c++11 -I../../deps/local/include -I/ad3 conftest.c
cc1: warning: command line option '-std=c++11' is valid for C++/ObjC++ but not for C [enabled by default]
conftest.c:9:28: fatal error: ac_nonexistent.h: No such file or directory
 #include <ac_nonexistent.h>
                            ^
compilation terminated.
configure:4262: $? = 1
configure: failed program was:
| /* confdefs.h */
| #define PACKAGE_NAME "TurboParser"
| #define PACKAGE_TARNAME "TurboParser"
| #define PACKAGE_VERSION "2.1.0"
| #define PACKAGE_STRING "TurboParser 2.1.0"
| #define PACKAGE_BUGREPORT "afm@cs.cmu.edu"
| #define PACKAGE_URL "http://www.ark.cs.cmu.edu/TurboParser/"
| /* end confdefs.h.  */
| #include <ac_nonexistent.h>
configure:4291: checking for grep that handles long lines and -e
configure:4349: result: /bin/grep
configure:4354: checking for egrep
configure:4416: result: /bin/grep -E
configure:4421: checking for ANSI C header files
configure:4441: gcc -c -g -O2 -std=c++11 -I../../deps/local/include -I/ad3 conftest.c >&5
cc1: warning: command line option '-std=c++11' is valid for C++/ObjC++ but not for C [enabled by default]
configure:4441: $? = 0
cc1: warning: command line option '-std=c++11' is valid for C++/ObjC++ but not for C [enabled by default]
cc1: warning: command line option '-std=c++11' is valid for C++/ObjC++ but not for C [enabled by default]
configure:4514: gcc -o conftest -g -O2 -std=c++11 -I../../deps/local/include -I/ad3  conftest.c  >&5
cc1: warning: command line option '-std=c++11' is valid for C++/ObjC++ but not for C [enabled by default]
configure:4514: $? = 0
configure:4514: ./conftest
configure:4514: $? = 0
configure:4525: result: yes
configure:4538: checking for sys/types.h
configure:4538: gcc -c -g -O2 -std=c++11 -I../../deps/local/include -I/ad3 conftest.c >&5
cc1: warning: command line option '-std=c++11' is valid for C++/ObjC++ but not for C [enabled by default]
configure:4538: $? = 0
configure:4538: result: yes
configure:4538: checking for sys/stat.h
configure:4538: gcc -c -g -O2 -std=c++11 -I../../deps/local/include -I/ad3 conftest.c >&5
cc1: warning: command line option '-std=c++11' is valid for C++/ObjC++ but not for C [enabled by default]
configure:4538: $? = 0
configure:4538: result: yes
configure:4538: checking for stdlib.h
configure:4538: gcc -c -g -O2 -std=c++11 -I../../deps/local/include -I/ad3 conftest.c >&5
cc1: warning: command line option '-std=c++11' is valid for C++/ObjC++ but not for C [enabled by default]
configure:4538: $? = 0
configure:4538: result: yes
configure:4538: checking for string.h
configure:4538: gcc -c -g -O2 -std=c++11 -I../../deps/local/include -I/ad3 conftest.c >&5
cc1: warning: command line option '-std=c++11' is valid for C++/ObjC++ but not for C [enabled by default]
configure:4538: $? = 0
configure:4538: result: yes
configure:4538: checking for memory.h
configure:4538: gcc -c -g -O2 -std=c++11 -I../../deps/local/include -I/ad3 conftest.c >&5
cc1: warning: command line option '-std=c++11' is valid for C++/ObjC++ but not for C [enabled by default]
configure:4538: $? = 0
configure:4538: result: yes
configure:4538: checking for strings.h
configure:4538: gcc -c -g -O2 -std=c++11 -I../../deps/local/include -I/ad3 conftest.c >&5
cc1: warning: command line option '-std=c++11' is valid for C++/ObjC++ but not for C [enabled by default]
configure:4538: $? = 0
configure:4538: result: yes
configure:4538: checking for inttypes.h
configure:4538: gcc -c -g -O2 -std=c++11 -I../../deps/local/include -I/ad3 conftest.c >&5
cc1: warning: command line option '-std=c++11' is valid for C++/ObjC++ but not for C [enabled by default]
configure:4538: $? = 0
configure:4538: result: yes
configure:4538: checking for stdint.h
configure:4538: gcc -c -g -O2 -std=c++11 -I../../deps/local/include -I/ad3 conftest.c >&5
cc1: warning: command line option '-std=c++11' is valid for C++/ObjC++ but not for C [enabled by default]
configure:4538: $? = 0
configure:4538: result: yes
configure:4538: checking for unistd.h
configure:4538: gcc -c -g -O2 -std=c++11 -I../../deps/local/include -I/ad3 conftest.c >&5
cc1: warning: command line option '-std=c++11' is valid for C++/ObjC++ but not for C [enabled by default]
configure:4538: $? = 0
configure:4538: result: yes
configure:4553: checking stddef.h usability
configure:4553: gcc -c -g -O2 -std=c++11 -I../../deps/local/include -I/ad3 conftest.c >&5
cc1: warning: command line option '-std=c++11' is valid for C++/ObjC++ but not for C [enabled by default]
configure:4553: $? = 0
configure:4553: result: yes
configure:4553: checking stddef.h presence
configure:4553: gcc -E -std=c++11 -I../../deps/local/include -I/ad3 conftest.c
cc1: warning: command line option '-std=c++11' is valid for C++/ObjC++ but not for C [enabled by default]
configure:4553: $? = 0
configure:4553: result: yes
configure:4553: checking for stddef.h
configure:4553: result: yes
configure:4553: checking for string.h
configure:4553: result: yes
configure:4553: checking sys/time.h usability
configure:4553: gcc -c -g -O2 -std=c++11 -I../../deps/local/include -I/ad3 conftest.c >&5
cc1: warning: command line option '-std=c++11' is valid for C++/ObjC++ but not for C [enabled by default]
configure:4553: $? = 0
configure:4553: result: yes
configure:4553: checking sys/time.h presence
configure:4553: gcc -E -std=c++11 -I../../deps/local/include -I/ad3 conftest.c
cc1: warning: command line option '-std=c++11' is valid for C++/ObjC++ but not for C [enabled by default]
configure:4553: $? = 0
configure:4553: result: yes
configure:4553: checking for sys/time.h
configure:4553: result: yes
configure:4565: checking for stdbool.h that conforms to C99
configure:4632: gcc -c -g -O2 -std=c++11 -I../../deps/local/include -I/ad3 conftest.c >&5
cc1: warning: command line option '-std=c++11' is valid for C++/ObjC++ but not for C [enabled by default]
configure:4632: $? = 0
configure:4639: result: yes
configure:4641: checking for _Bool
configure:4641: gcc -c -g -O2 -std=c++11 -I../../deps/local/include -I/ad3 conftest.c >&5
cc1: warning: command line option '-std=c++11' is valid for C++/ObjC++ but not for C [enabled by default]
configure:4641: $? = 0
configure:4641: gcc -c -g -O2 -std=c++11 -I../../deps/local/include -I/ad3 conftest.c >&5
cc1: warning: command line option '-std=c++11' is valid for C++/ObjC++ but not for C [enabled by default]
conftest.c: In function 'main':
conftest.c:58:20: error: expected expression before ')' token
 if (sizeof ((_Bool)))
                    ^
configure:4641: $? = 1
configure: failed program was:
| /* confdefs.h */
| #define PACKAGE_NAME "TurboParser"
| #define PACKAGE_TARNAME "TurboParser"
| #define PACKAGE_VERSION "2.1.0"
| #define PACKAGE_STRING "TurboParser 2.1.0"
| #define PACKAGE_BUGREPORT "afm@cs.cmu.edu"
| #define PACKAGE_URL "http://www.ark.cs.cmu.edu/TurboParser/"
| #define STDC_HEADERS 1
| #define HAVE_SYS_TYPES_H 1
| #define HAVE_SYS_STAT_H 1
| #define HAVE_STDLIB_H 1
| #define HAVE_STRING_H 1
| #define HAVE_MEMORY_H 1
| #define HAVE_STRINGS_H 1
| #define HAVE_INTTYPES_H 1
| #define HAVE_STDINT_H 1
| #define HAVE_UNISTD_H 1
| #define HAVE_STDDEF_H 1
| #define HAVE_STRING_H 1
| #define HAVE_SYS_TIME_H 1
| /* end confdefs.h.  */
| #include <stdio.h>
| #ifdef HAVE_SYS_TYPES_H
| # include <sys/types.h>
| #endif
| #ifdef HAVE_SYS_STAT_H
| # include <sys/stat.h>
| #endif
| #ifdef STDC_HEADERS
| # include <stdlib.h>
| # include <stddef.h>
| #else
| # ifdef HAVE_STDLIB_H
| #  include <stdlib.h>
| # endif
| #endif
| #ifdef HAVE_STRING_H
| # if !defined STDC_HEADERS && defined HAVE_MEMORY_H
| #  include <memory.h>
| # endif
| # include <string.h>
| #endif
| #ifdef HAVE_STRINGS_H
| # include <strings.h>
| #endif
| #ifdef HAVE_INTTYPES_H
| # include <inttypes.h>
| #endif
| #ifdef HAVE_STDINT_H
| # include <stdint.h>
| #endif
| #ifdef HAVE_UNISTD_H
| # include <unistd.h>
| #endif
| int
| main ()
| {
| if (sizeof ((_Bool)))
| 	    return 0;
|   ;
|   return 0;
| }
configure:4641: result: yes
configure:4658: checking for inline
configure:4674: gcc -c -g -O2 -std=c++11 -I../../deps/local/include -I/ad3 conftest.c >&5
cc1: warning: command line option '-std=c++11' is valid for C++/ObjC++ but not for C [enabled by default]
configure:4674: $? = 0
configure:4682: result: inline
configure:4704: checking for gettimeofday
configure:4704: gcc -o conftest -g -O2 -std=c++11 -I../../deps/local/include -I/ad3  conftest.c  >&5
cc1: warning: command line option '-std=c++11' is valid for C++/ObjC++ but not for C [enabled by default]
configure:4704: $? = 0
configure:4704: result: yes
configure:4854: creating ./config.status

## ---------------------- ##
## Running config.status. ##
## ---------------------- ##

This file was extended by TurboParser config.status 2.1.0, which was
generated by GNU Autoconf 2.69.  Invocation command line was

  CONFIG_FILES    = 
  CONFIG_HEADERS  = 
  CONFIG_LINKS    = 
  CONFIG_COMMANDS = 
  $ ./config.status 

on lifu-MS-7971

config.status:864: creating Makefile
config.status:864: creating src/tagger/Makefile
config.status:864: creating src/parser/Makefile
config.status:864: creating config.h
config.status:1045: config.h is unchanged
config.status:1093: executing depfiles commands

## ---------------- ##
## Cache variables. ##
## ---------------- ##

ac_cv_c_compiler_gnu=yes
ac_cv_c_inline=inline
ac_cv_cxx_compiler_gnu=yes
ac_cv_env_CCC_set=
ac_cv_env_CCC_value=
ac_cv_env_CC_set=
ac_cv_env_CC_value=
ac_cv_env_CFLAGS_set=
ac_cv_env_CFLAGS_value=
ac_cv_env_CPPFLAGS_set=
ac_cv_env_CPPFLAGS_value=
ac_cv_env_CPP_set=
ac_cv_env_CPP_value=
ac_cv_env_CXXFLAGS_set=
ac_cv_env_CXXFLAGS_value=
ac_cv_env_CXX_set=
ac_cv_env_CXX_value=
ac_cv_env_LDFLAGS_set=
ac_cv_env_LDFLAGS_value=
ac_cv_env_LIBS_set=
ac_cv_env_LIBS_value=
ac_cv_env_build_alias_set=
ac_cv_env_build_alias_value=
ac_cv_env_host_alias_set=
ac_cv_env_host_alias_value=
ac_cv_env_target_alias_set=
ac_cv_env_target_alias_value=
ac_cv_func_gettimeofday=yes
ac_cv_header_inttypes_h=yes
ac_cv_header_memory_h=yes
ac_cv_header_stdbool_h=yes
ac_cv_header_stdc=yes
ac_cv_header_stddef_h=yes
ac_cv_header_stdint_h=yes
ac_cv_header_stdlib_h=yes
ac_cv_header_string_h=yes
ac_cv_header_strings_h=yes
ac_cv_header_sys_stat_h=yes
ac_cv_header_sys_time_h=yes
ac_cv_header_sys_types_h=yes
ac_cv_header_unistd_h=yes
ac_cv_objext=o
ac_cv_path_EGREP='/bin/grep -E'
ac_cv_path_GREP=/bin/grep
ac_cv_path_install='/usr/bin/install -c'
ac_cv_path_mkdir=/bin/mkdir
ac_cv_prog_AWK=mawk
ac_cv_prog_CPP='gcc -E'
ac_cv_prog_ac_ct_CC=gcc
ac_cv_prog_ac_ct_CXX=g++
ac_cv_prog_cc_c89=
ac_cv_prog_cc_g=yes
ac_cv_prog_cxx_g=yes
ac_cv_prog_make_make_set=yes
ac_cv_type__Bool=yes
am_cv_CC_dependencies_compiler_type=gcc3
am_cv_CXX_dependencies_compiler_type=gcc3

## ----------------- ##
## Output variables. ##
## ----------------- ##

ACLOCAL='${SHELL} /home/lifu/Token_Embedding/TE_TweeboParser/TBParser/missing --run aclocal-1.11'
AMDEPBACKSLASH='\'
AMDEP_FALSE='#'
AMDEP_TRUE=''
AMTAR='$${TAR-tar}'
AUTOCONF='${SHELL} /home/lifu/Token_Embedding/TE_TweeboParser/TBParser/missing --run autoconf'
AUTOHEADER='${SHELL} /home/lifu/Token_Embedding/TE_TweeboParser/TBParser/missing --run autoheader'
AUTOMAKE='${SHELL} /home/lifu/Token_Embedding/TE_TweeboParser/TBParser/missing --run automake-1.11'
AWK='mawk'
CC='gcc'
CCDEPMODE='depmode=gcc3'
CFLAGS='-g -O2'
CPP='gcc -E'
CPPFLAGS='-std=c++11 -I../../deps/local/include -I/ad3'
CXX='g++'
CXXDEPMODE='depmode=gcc3'
CXXFLAGS='-g -O2'
CYGPATH_W='echo'
DEBUG_FALSE=''
DEBUG_TRUE='#'
DEFS='-DHAVE_CONFIG_H'
DEPDIR='.deps'
ECHO_C=''
ECHO_N='-n'
ECHO_T=''
EGREP='/bin/grep -E'
EXEEXT=''
GREP='/bin/grep'
INSTALL_DATA='${INSTALL} -m 644'
INSTALL_PROGRAM='${INSTALL}'
INSTALL_SCRIPT='${INSTALL}'
INSTALL_STRIP_PROGRAM='$(install_sh) -c -s'
LDFLAGS=''
LFLAGS='-L../../deps/local/lib -lad3 -lgflags -lglog'
LIBOBJS=''
LIBS=''
LTLIBOBJS=''
MAKEINFO='${SHELL} /home/lifu/Token_Embedding/TE_TweeboParser/TBParser/missing --run makeinfo'
MKDIR_P='/bin/mkdir -p'
OBJEXT='o'
PACKAGE='TurboParser'
PACKAGE_BUGREPORT='afm@cs.cmu.edu'
PACKAGE_NAME='TurboParser'
PACKAGE_STRING='TurboParser 2.1.0'
PACKAGE_TARNAME='TurboParser'
PACKAGE_URL='http://www.ark.cs.cmu.edu/TurboParser/'
PACKAGE_VERSION='2.1.0'
PATH_SEPARATOR=':'
SET_MAKE=''
SHELL='/bin/bash'
STRIP=''
VERSION='2.1.0'
ac_ct_CC='gcc'
ac_ct_CXX='g++'
am__EXEEXT_FALSE=''
am__EXEEXT_TRUE='#'
am__fastdepCC_FALSE='#'
am__fastdepCC_TRUE=''
am__fastdepCXX_FALSE='#'
am__fastdepCXX_TRUE=''
am__include='include'
am__isrc=''
am__leading_dot='.'
am__nodep='_no'
am__quote=''
am__tar='$${TAR-tar} chof - "$$tardir"'
am__untar='$${TAR-tar} xf -'
bindir='${exec_prefix}/bin'
build_alias=''
datadir='${datarootdir}'
datarootdir='${prefix}/share'
docdir='${datarootdir}/doc/${PACKAGE_TARNAME}'
dvidir='${docdir}'
exec_prefix='${prefix}'
host_alias=''
htmldir='${docdir}'
includedir='${prefix}/include'
infodir='${datarootdir}/info'
install_sh='${SHELL} /home/lifu/Token_Embedding/TE_TweeboParser/TBParser/install-sh'
libdir='${exec_prefix}/lib'
libexecdir='${exec_prefix}/libexec'
localedir='${datarootdir}/locale'
localstatedir='${prefix}/var'
mandir='${datarootdir}/man'
mkdir_p='/bin/mkdir -p'
oldincludedir='/usr/include'
pdfdir='${docdir}'
prefix='/usr/local'
program_transform_name='s,x,x,'
psdir='${docdir}'
sbindir='${exec_prefix}/sbin'
sharedstatedir='${prefix}/com'
sysconfdir='${prefix}/etc'
target_alias=''

## ----------- ##
## confdefs.h. ##
## ----------- ##

/* confdefs.h */
#define PACKAGE_NAME "TurboParser"
#define PACKAGE_TARNAME "TurboParser"
#define PACKAGE_VERSION "2.1.0"
#define PACKAGE_STRING "TurboParser 2.1.0"
#define PACKAGE_BUGREPORT "afm@cs.cmu.edu"
#define PACKAGE_URL "http://www.ark.cs.cmu.edu/TurboParser/"
#define STDC_HEADERS 1
#define HAVE_SYS_TYPES_H 1
#define HAVE_SYS_STAT_H 1
#define HAVE_STDLIB_H 1
#define HAVE_STRING_H 1
#define HAVE_MEMORY_H 1
#define HAVE_STRINGS_H 1
#define HAVE_INTTYPES_H 1
#define HAVE_STDINT_H 1
#define HAVE_UNISTD_H 1
#define HAVE_STDDEF_H 1
#define HAVE_STRING_H 1
#define HAVE_SYS_TIME_H 1
#define HAVE__BOOL 1
#define HAVE_STDBOOL_H 1
#define HAVE_GETTIMEOFDAY 1

configure: exit 0
